2016-02-12 08:14:31 [-][-][-][error][yii\db\Exception] exception 'PDOException' with message 'SQLSTATE[HY000] [1045] Access denied for user 'root'@'localhost' (using password: NO)' in D:\USR\Ampps\www\rest_adv\vendor\yiisoft\yii2\db\Connection.php:579
Stack trace:
#0 D:\USR\Ampps\www\rest_adv\vendor\yiisoft\yii2\db\Connection.php(579): PDO->__construct('mysql:host=loca...', 'root', '', NULL)
#1 D:\USR\Ampps\www\rest_adv\vendor\yiisoft\yii2\db\Connection.php(529): yii\db\Connection->createPdoInstance()
#2 D:\USR\Ampps\www\rest_adv\vendor\yiisoft\yii2\db\Connection.php(836): yii\db\Connection->open()
#3 D:\USR\Ampps\www\rest_adv\vendor\yiisoft\yii2\db\Connection.php(823): yii\db\Connection->getMasterPdo()
#4 D:\USR\Ampps\www\rest_adv\vendor\yiisoft\yii2\db\Command.php(216): yii\db\Connection->getSlavePdo()
#5 D:\USR\Ampps\www\rest_adv\vendor\yiisoft\yii2\db\Command.php(831): yii\db\Command->prepare(true)
#6 D:\USR\Ampps\www\rest_adv\vendor\yiisoft\yii2\db\Command.php(359): yii\db\Command->queryInternal('fetchAll', NULL)
#7 D:\USR\Ampps\www\rest_adv\vendor\yiisoft\yii2\db\mysql\Schema.php(198): yii\db\Command->queryAll()
#8 D:\USR\Ampps\www\rest_adv\vendor\yiisoft\yii2\db\mysql\Schema.php(97): yii\db\mysql\Schema->findColumns(Object(yii\db\TableSchema))
#9 D:\USR\Ampps\www\rest_adv\vendor\yiisoft\yii2\db\Schema.php(146): yii\db\mysql\Schema->loadTableSchema('migration')
#10 D:\USR\Ampps\www\rest_adv\vendor\yiisoft\yii2\console\controllers\MigrateController.php(121): yii\db\Schema->getTableSchema('{{%migration}}', true)
#11 D:\USR\Ampps\www\rest_adv\vendor\yiisoft\yii2\console\controllers\BaseMigrateController.php(610): yii\console\controllers\MigrateController->getMigrationHistory(NULL)
#12 D:\USR\Ampps\www\rest_adv\vendor\yiisoft\yii2\console\controllers\BaseMigrateController.php(102): yii\console\controllers\BaseMigrateController->getNewMigrations()
#13 [internal function]: yii\console\controllers\BaseMigrateController->actionUp(0)
#14 D:\USR\Ampps\www\rest_adv\vendor\yiisoft\yii2\base\InlineAction.php(55): call_user_func_array(Array, Array)
#15 D:\USR\Ampps\www\rest_adv\vendor\yiisoft\yii2\base\Controller.php(151): yii\base\InlineAction->runWithParams(Array)
#16 D:\USR\Ampps\www\rest_adv\vendor\yiisoft\yii2\console\Controller.php(91): yii\base\Controller->runAction('', Array)
#17 D:\USR\Ampps\www\rest_adv\vendor\yiisoft\yii2\base\Module.php(455): yii\console\Controller->runAction('', Array)
#18 D:\USR\Ampps\www\rest_adv\vendor\yiisoft\yii2\console\Application.php(167): yii\base\Module->runAction('migrate', Array)
#19 D:\USR\Ampps\www\rest_adv\vendor\yiisoft\yii2\console\Application.php(143): yii\console\Application->runAction('migrate', Array)
#20 D:\USR\Ampps\www\rest_adv\vendor\yiisoft\yii2\base\Application.php(375): yii\console\Application->handleRequest(Object(yii\console\Request))
#21 D:\USR\Ampps\www\rest_adv\yii(27): yii\base\Application->run()
#22 {main}

Next exception 'yii\db\Exception' with message 'SQLSTATE[HY000] [1045] Access denied for user 'root'@'localhost' (using password: NO)' in D:\USR\Ampps\www\rest_adv\vendor\yiisoft\yii2\db\Connection.php:534
Stack trace:
#0 D:\USR\Ampps\www\rest_adv\vendor\yiisoft\yii2\db\Connection.php(836): yii\db\Connection->open()
#1 D:\USR\Ampps\www\rest_adv\vendor\yiisoft\yii2\db\Connection.php(823): yii\db\Connection->getMasterPdo()
#2 D:\USR\Ampps\www\rest_adv\vendor\yiisoft\yii2\db\Command.php(216): yii\db\Connection->getSlavePdo()
#3 D:\USR\Ampps\www\rest_adv\vendor\yiisoft\yii2\db\Command.php(831): yii\db\Command->prepare(true)
#4 D:\USR\Ampps\www\rest_adv\vendor\yiisoft\yii2\db\Command.php(359): yii\db\Command->queryInternal('fetchAll', NULL)
#5 D:\USR\Ampps\www\rest_adv\vendor\yiisoft\yii2\db\mysql\Schema.php(198): yii\db\Command->queryAll()
#6 D:\USR\Ampps\www\rest_adv\vendor\yiisoft\yii2\db\mysql\Schema.php(97): yii\db\mysql\Schema->findColumns(Object(yii\db\TableSchema))
#7 D:\USR\Ampps\www\rest_adv\vendor\yiisoft\yii2\db\Schema.php(146): yii\db\mysql\Schema->loadTableSchema('migration')
#8 D:\USR\Ampps\www\rest_adv\vendor\yiisoft\yii2\console\controllers\MigrateController.php(121): yii\db\Schema->getTableSchema('{{%migration}}', true)
#9 D:\USR\Ampps\www\rest_adv\vendor\yiisoft\yii2\console\controllers\BaseMigrateController.php(610): yii\console\controllers\MigrateController->getMigrationHistory(NULL)
#10 D:\USR\Ampps\www\rest_adv\vendor\yiisoft\yii2\console\controllers\BaseMigrateController.php(102): yii\console\controllers\BaseMigrateController->getNewMigrations()
#11 [internal function]: yii\console\controllers\BaseMigrateController->actionUp(0)
#12 D:\USR\Ampps\www\rest_adv\vendor\yiisoft\yii2\base\InlineAction.php(55): call_user_func_array(Array, Array)
#13 D:\USR\Ampps\www\rest_adv\vendor\yiisoft\yii2\base\Controller.php(151): yii\base\InlineAction->runWithParams(Array)
#14 D:\USR\Ampps\www\rest_adv\vendor\yiisoft\yii2\console\Controller.php(91): yii\base\Controller->runAction('', Array)
#15 D:\USR\Ampps\www\rest_adv\vendor\yiisoft\yii2\base\Module.php(455): yii\console\Controller->runAction('', Array)
#16 D:\USR\Ampps\www\rest_adv\vendor\yiisoft\yii2\console\Application.php(167): yii\base\Module->runAction('migrate', Array)
#17 D:\USR\Ampps\www\rest_adv\vendor\yiisoft\yii2\console\Application.php(143): yii\console\Application->runAction('migrate', Array)
#18 D:\USR\Ampps\www\rest_adv\vendor\yiisoft\yii2\base\Application.php(375): yii\console\Application->handleRequest(Object(yii\console\Request))
#19 D:\USR\Ampps\www\rest_adv\yii(27): yii\base\Application->run()
#20 {main}
Additional Information:

2016-02-12 08:14:31 [-][-][-][info][application] $_SERVER = [
    'ALLUSERSPROFILE' => 'C:\\ProgramData'
    'APPDATA' => 'C:\\Users\\itps06\\AppData\\Roaming'
    'CommonProgramFiles' => 'C:\\Program Files (x86)\\Common Files'
    'CommonProgramFiles(x86)' => 'C:\\Program Files (x86)\\Common Files'
    'CommonProgramW6432' => 'C:\\Program Files\\Common Files'
    'COMPUTERNAME' => 'WSITPS06'
    'ComSpec' => 'C:\\WINDOWS\\system32\\cmd.exe'
    'DNX_HOME' => 'C:\\Users\\itps06\\.dnx'
    'FP_NO_HOST_CHECK' => 'NO'
    'HOMEDRIVE' => 'C:'
    'HOMEPATH' => '\\Users\\itps06'
    'inn' => '44212867'
    'loc' => 'X125-4.4'
    'LOCALAPPDATA' => 'C:\\Users\\itps06\\AppData\\Local'
    'LOGONSERVER' => '\\\\SRV-DC3'
    'NUMBER_OF_PROCESSORS' => '4'
    'OS' => 'Windows_NT'
    'OSkeyCase' => 'MJHNC-BFFW9-XVPFK-MMCP4-CRYRD'
    'OSnameCase' => 'Win 8 Pro'
    'Path' => 'C:\\ProgramData\\Oracle\\Java\\javapath;C:\\WINDOWS\\system32;C:\\WINDOWS;C:\\WINDOWS\\System32\\Wbem;C:\\WINDOWS\\System32\\WindowsPowerShell\\v1.0\\;C:\\Program Files (x86)\\GitExtensions\\;C:\\Program Files\\Microsoft SQL Server\\Client SDK\\ODBC\\110\\Tools\\Binn\\;C:\\Program Files (x86)\\Microsoft SQL Server\\120\\Tools\\Binn\\ManagementStudio\\;C:\\Program Files (x86)\\Microsoft SQL Server\\120\\Tools\\Binn\\;C:\\Program Files\\Microsoft SQL Server\\120\\Tools\\Binn\\;C:\\Program Files (x86)\\Microsoft SQL Server\\120\\DTS\\Binn\\;C:\\Program Files (x86)\\Common Files\\Acronis\\SnapAPI\\;D:\\SOE_projects\\prom_django\\env\\;D:\\SOE_projects\\prom_django\\env\\Scripts;C:\\Program Files\\gettext-utils\\bin;C:\\Program Files (x86)\\Windows Kits\\8.1\\Windows Performance Toolkit\\;C:\\Program Files\\Microsoft SQL Server\\110\\Tools\\Binn\\;C:\\Program Files (x86)\\Microsoft SDKs\\TypeScript\\1.0\\;C:\\Program Files (x86)\\Microsoft Visual Studio 12.0\\Common7\\IDE\\PrivateAssemblies\\;C:\\Users\\itps06\\.dnx\\bin;C:\\Program Files\\Microsoft DNX\\Dnvm\\;C:\\Program Files (x86)\\Skype\\Phone\\;D:\\USR\\Ampps\\php;D:\\USR\\Ampps\\apache\\bin;C:\\ProgramData\\ComposerSetup\\bin;C:\\Users\\itps06\\.dnx\\bin'
    'PATHEXT' => '.COM;.EXE;.BAT;.CMD;.VBS;.VBE;.JS;.JSE;.WSF;.WSH;.MSC;.PY'
    'PHP_COMMAND' => 'php.exe'
    'PROCESSOR_ARCHITECTURE' => 'x86'
    'PROCESSOR_ARCHITEW6432' => 'AMD64'
    'PROCESSOR_IDENTIFIER' => 'Intel64 Family 6 Model 58 Stepping 9, GenuineIntel'
    'PROCESSOR_LEVEL' => '6'
    'PROCESSOR_REVISION' => '3a09'
    'ProgramData' => 'C:\\ProgramData'
    'ProgramFiles' => 'C:\\Program Files (x86)'
    'ProgramFiles(x86)' => 'C:\\Program Files (x86)'
    'ProgramW6432' => 'C:\\Program Files'
    'PROMPT' => '$P$G'
    'PSModulePath' => 'C:\\WINDOWS\\system32\\WindowsPowerShell\\v1.0\\Modules\\;C:\\Program Files (x86)\\Microsoft SQL Server\\120\\Tools\\PowerShell\\Modules\\'
    'PUBLIC' => 'C:\\Users\\Public'
    'snn' => 'CZC23251BP'
    'SystemDrive' => 'C:'
    'SystemRoot' => 'C:\\WINDOWS'
    'TEMP' => 'C:\\Users\\itps06\\AppData\\Local\\Temp'
    'TMP' => 'C:\\Users\\itps06\\AppData\\Local\\Temp'
    'USERDNSDOMAIN' => 'SOE.LOCAL'
    'USERDOMAIN' => 'SOE'
    'USERDOMAIN_ROAMINGPROFILE' => 'SOE'
    'USERNAME' => 'itps06'
    'USERPROFILE' => 'C:\\Users\\itps06'
    'VS110COMNTOOLS' => 'C:\\Program Files (x86)\\Microsoft Visual Studio 11.0\\Common7\\Tools\\'
    'VS120COMNTOOLS' => 'C:\\Program Files (x86)\\Microsoft Visual Studio 12.0\\Common7\\Tools\\'
    'VS140COMNTOOLS' => 'C:\\Program Files (x86)\\Microsoft Visual Studio 14.0\\Common7\\Tools\\'
    'windir' => 'C:\\WINDOWS'
    'YII_PATH' => 'D:\\USR\\Ampps\\www\\rest_adv\\'
    'PHP_SELF' => 'D:\\USR\\Ampps\\www\\rest_adv\\yii'
    'SCRIPT_NAME' => 'D:\\USR\\Ampps\\www\\rest_adv\\yii'
    'SCRIPT_FILENAME' => 'D:\\USR\\Ampps\\www\\rest_adv\\yii'
    'PATH_TRANSLATED' => 'D:\\USR\\Ampps\\www\\rest_adv\\yii'
    'DOCUMENT_ROOT' => ''
    'REQUEST_TIME_FLOAT' => 1455264871.9398
    'REQUEST_TIME' => 1455264871
    'argv' => [
        0 => 'D:\\USR\\Ampps\\www\\rest_adv\\yii'
        1 => 'migrate'
    ]
    'argc' => 2
]
